Loaded plugins: amazon-id, rhui-lb, search-disabled-repos
Installed Packages
GeoIP.x86_64                  1.5.0-13.el7     @anaconda/7.6                    
NetworkManager.x86_64         1:1.12.0-8.el7_6 @rhui-REGION-rhel-server-releases
NetworkManager-config-server.noarch
                              1:1.12.0-8.el7_6 @rhui-REGION-rhel-server-releases
NetworkManager-libnm.x86_64   1:1.12.0-8.el7_6 @rhui-REGION-rhel-server-releases
NetworkManager-team.x86_64    1:1.12.0-8.el7_6 @rhui-REGION-rhel-server-releases
NetworkManager-tui.x86_64     1:1.12.0-8.el7_6 @rhui-REGION-rhel-server-releases
PyYAML.x86_64                 3.10-11.el7      @anaconda/7.6                    
Red_Hat_Enterprise_Linux-Release_Notes-7-en-US.noarch
                              7-2.el7          @anaconda/7.6                    
acl.x86_64                    2.2.51-14.el7    @anaconda/7.6                    
ansible.noarch                2.7.5-1.el7      @epel                            
apr.x86_64                    1.4.8-3.el7_4.1  @rhui-REGION-rhel-server-releases
apr-util.x86_64               1.5.2-6.el7      @rhui-REGION-rhel-server-releases
audit.x86_64                  2.8.4-4.el7      @anaconda/7.6                    
audit-libs.x86_64             2.8.4-4.el7      @anaconda/7.6                    
audit-libs-python.x86_64      2.8.4-4.el7      @anaconda/7.6                    
authconfig.x86_64             6.2.8-30.el7     @anaconda/7.6                    
basesystem.noarch             10.0-7.el7       @anaconda/7.6                    
bash.x86_64                   4.2.46-31.el7    @anaconda/7.6                    
bind-libs-lite.x86_64         32:9.9.4-72.el7  @anaconda/7.6                    
bind-license.noarch           32:9.9.4-72.el7  @anaconda/7.6                    
binutils.x86_64               2.27-34.base.el7 @anaconda/7.6                    
btrfs-progs.x86_64            4.9.1-1.el7      @anaconda/7.6                    
bzip2-libs.x86_64             1.0.6-13.el7     @anaconda/7.6                    
ca-certificates.noarch        2018.2.22-70.0.el7_5
                                               @anaconda/7.6                    
checkpolicy.x86_64            2.5-8.el7        @anaconda/7.6                    
chkconfig.x86_64              1.7.4-1.el7      @anaconda/7.6                    
chrony.x86_64                 3.2-2.el7        @anaconda/7.6                    
cloud-init.x86_64             18.2-1.el7_6.1   @rhui-REGION-rhel-server-releases
cloud-utils-growpart.noarch   0.29-2.el7       @anaconda/7.6                    
coreutils.x86_64              8.22-23.el7      @anaconda/7.6                    
cpio.x86_64                   2.11-27.el7      @anaconda/7.6                    
cracklib.x86_64               2.9.0-11.el7     @anaconda/7.6                    
cracklib-dicts.x86_64         2.9.0-11.el7     @anaconda/7.6                    
cronie.x86_64                 1.4.11-20.el7_6  @rhui-REGION-rhel-server-releases
cronie-anacron.x86_64         1.4.11-20.el7_6  @rhui-REGION-rhel-server-releases
crontabs.noarch               1.11-6.20121102git.el7
                                               @anaconda/7.6                    
cryptsetup-libs.x86_64        2.0.3-3.el7      @anaconda/7.6                    
curl.x86_64                   7.29.0-51.el7    @anaconda/7.6                    
cyrus-sasl-lib.x86_64         2.1.26-23.el7    @anaconda/7.6                    
dbus.x86_64                   1:1.10.24-12.el7 @anaconda/7.6                    
dbus-glib.x86_64              0.100-7.el7      @anaconda/7.6                    
dbus-libs.x86_64              1:1.10.24-12.el7 @anaconda/7.6                    
dbus-python.x86_64            1.1.1-9.el7      @anaconda/7.6                    
desktop-file-utils.x86_64     0.23-1.el7       @anaconda/7.6                    
device-mapper.x86_64          7:1.02.149-10.el7_6.2
                                               @rhui-REGION-rhel-server-releases
device-mapper-libs.x86_64     7:1.02.149-10.el7_6.2
                                               @rhui-REGION-rhel-server-releases
dhclient.x86_64               12:4.2.5-68.el7_5.1
                                               @anaconda/7.6                    
dhcp-common.x86_64            12:4.2.5-68.el7_5.1
                                               @anaconda/7.6                    
dhcp-libs.x86_64              12:4.2.5-68.el7_5.1
                                               @anaconda/7.6                    
diffutils.x86_64              3.3-4.el7        @anaconda/7.6                    
dmidecode.x86_64              1:3.1-2.el7      @anaconda/7.6                    
dracut.x86_64                 033-554.el7      @anaconda/7.6                    
dracut-config-generic.x86_64  033-554.el7      @anaconda/7.6                    
dracut-config-rescue.x86_64   033-554.el7      @anaconda/7.6                    
dracut-network.x86_64         033-554.el7      @anaconda/7.6                    
e2fsprogs.x86_64              1.42.9-13.el7    @anaconda/7.6                    
e2fsprogs-libs.x86_64         1.42.9-13.el7    @anaconda/7.6                    
elfutils-default-yama-scope.noarch
                              0.172-2.el7      @anaconda/7.6                    
elfutils-libelf.x86_64        0.172-2.el7      @anaconda/7.6                    
elfutils-libs.x86_64          0.172-2.el7      @anaconda/7.6                    
emacs-filesystem.noarch       1:24.3-22.el7    @anaconda/7.6                    
epel-release.noarch           7-11             installed                        
ethtool.x86_64                2:4.8-9.el7      @anaconda/7.6                    
expat.x86_64                  2.1.0-10.el7_3   @anaconda/7.6                    
file.x86_64                   5.11-35.el7      @anaconda/7.6                    
file-libs.x86_64              5.11-35.el7      @anaconda/7.6                    
filesystem.x86_64             3.2-25.el7       @anaconda/7.6                    
findutils.x86_64              1:4.5.11-6.el7   @anaconda/7.6                    
fipscheck.x86_64              1.4.1-6.el7      @anaconda/7.6                    
fipscheck-lib.x86_64          1.4.1-6.el7      @anaconda/7.6                    
freetype.x86_64               2.8-12.el7       @anaconda/7.6                    
gawk.x86_64                   4.0.2-4.el7_3.1  @anaconda/7.6                    
gdbm.x86_64                   1.10-8.el7       @anaconda/7.6                    
gdisk.x86_64                  0.8.10-2.el7     @anaconda/7.6                    
gettext.x86_64                0.19.8.1-2.el7   @anaconda/7.6                    
gettext-libs.x86_64           0.19.8.1-2.el7   @anaconda/7.6                    
git.x86_64                    1.8.3.1-20.el7   @rhui-REGION-rhel-server-releases
glib2.x86_64                  2.56.1-2.el7     @anaconda/7.6                    
glibc.x86_64                  2.17-260.el7     @anaconda/7.6                    
glibc-common.x86_64           2.17-260.el7     @anaconda/7.6                    
gmp.x86_64                    1:6.0.0-15.el7   @anaconda/7.6                    
gnupg2.x86_64                 2.0.22-5.el7_5   @anaconda/7.6                    
gobject-introspection.x86_64  1.56.1-1.el7     @anaconda/7.6                    
gpgme.x86_64                  1.3.2-5.el7      @anaconda/7.6                    
gpm-libs.x86_64               1.20.7-5.el7     @rhui-REGION-rhel-server-releases
grep.x86_64                   2.20-3.el7       @anaconda/7.6                    
groff-base.x86_64             1.22.2-8.el7     @anaconda/7.6                    
grub2.x86_64                  1:2.02-0.76.el7  @anaconda/7.6                    
grub2-common.noarch           1:2.02-0.76.el7  @anaconda/7.6                    
grub2-pc.x86_64               1:2.02-0.76.el7  @anaconda/7.6                    
grub2-pc-modules.noarch       1:2.02-0.76.el7  @anaconda/7.6                    
grub2-tools.x86_64            1:2.02-0.76.el7  @anaconda/7.6                    
grub2-tools-extra.x86_64      1:2.02-0.76.el7  @anaconda/7.6                    
grub2-tools-minimal.x86_64    1:2.02-0.76.el7  @anaconda/7.6                    
grubby.x86_64                 8.28-25.el7      @anaconda/7.6                    
gzip.x86_64                   1.5-10.el7       @anaconda/7.6                    
hardlink.x86_64               1:1.0-19.el7     @anaconda/7.6                    
hostname.x86_64               3.13-3.el7       @anaconda/7.6                    
httpd.x86_64                  2.4.6-88.el7     @rhui-REGION-rhel-server-releases
httpd-tools.x86_64            2.4.6-88.el7     @rhui-REGION-rhel-server-releases
hwdata.x86_64                 0.252-9.1.el7    @anaconda/7.6                    
info.x86_64                   5.1-5.el7        @anaconda/7.6                    
initscripts.x86_64            9.49.46-1.el7    @anaconda/7.6                    
iproute.x86_64                4.11.0-14.el7    @anaconda/7.6                    
iptables.x86_64               1.4.21-28.el7    @anaconda/7.6                    
iputils.x86_64                20160308-10.el7  @anaconda/7.6                    
irqbalance.x86_64             3:1.0.7-11.el7   @anaconda/7.6                    
iwl7265-firmware.noarch       22.0.7.0-69.el7  @anaconda/7.6                    
jansson.x86_64                2.10-1.el7       @anaconda/7.6                    
json-c.x86_64                 0.11-4.el7_0     @anaconda/7.6                    
kbd.x86_64                    1.15.5-15.el7    @anaconda/7.6                    
kbd-legacy.noarch             1.15.5-15.el7    @anaconda/7.6                    
kbd-misc.noarch               1.15.5-15.el7    @anaconda/7.6                    
kernel.x86_64                 3.10.0-957.el7   @anaconda/7.6                    
kernel.x86_64                 3.10.0-957.1.3.el7
                                               @rhui-REGION-rhel-server-releases
kernel-tools.x86_64           3.10.0-957.1.3.el7
                                               @rhui-REGION-rhel-server-releases
kernel-tools-libs.x86_64      3.10.0-957.1.3.el7
                                               @rhui-REGION-rhel-server-releases
kexec-tools.x86_64            2.0.15-21.el7    @anaconda/7.6                    
keyutils-libs.x86_64          1.5.8-3.el7      @anaconda/7.6                    
kmod.x86_64                   20-23.el7        @anaconda/7.6                    
kmod-libs.x86_64              20-23.el7        @anaconda/7.6                    
kpartx.x86_64                 0.4.9-123.el7    @anaconda/7.6                    
krb5-libs.x86_64              1.15.1-34.el7    @anaconda/7.6                    
less.x86_64                   458-9.el7        @anaconda/7.6                    
libacl.x86_64                 2.2.51-14.el7    @anaconda/7.6                    
libassuan.x86_64              2.1.0-3.el7      @anaconda/7.6                    
libattr.x86_64                2.4.46-13.el7    @anaconda/7.6                    
libblkid.x86_64               2.23.2-59.el7    @anaconda/7.6                    
libcap.x86_64                 2.22-9.el7       @anaconda/7.6                    
libcap-ng.x86_64              0.7.5-4.el7      @anaconda/7.6                    
libcgroup.x86_64              0.41-20.el7      @anaconda/7.6                    
libcom_err.x86_64             1.42.9-13.el7    @anaconda/7.6                    
libcroco.x86_64               0.6.12-4.el7     @anaconda/7.6                    
libcurl.x86_64                7.29.0-51.el7    @anaconda/7.6                    
libdaemon.x86_64              0.14-7.el7       @anaconda/7.6                    
libdb.x86_64                  5.3.21-24.el7    @anaconda/7.6                    
libdb-utils.x86_64            5.3.21-24.el7    @anaconda/7.6                    
libedit.x86_64                3.0-12.20121213cvs.el7
                                               @anaconda/7.6                    
libestr.x86_64                0.1.9-2.el7      @anaconda/7.6                    
libfastjson.x86_64            0.99.4-3.el7     @anaconda/7.6                    
libffi.x86_64                 3.0.13-18.el7    @anaconda/7.6                    
libgcc.x86_64                 4.8.5-36.el7     @anaconda/7.6                    
libgcrypt.x86_64              1.5.3-14.el7     @anaconda/7.6                    
libgomp.x86_64                4.8.5-36.el7     @anaconda/7.6                    
libgpg-error.x86_64           1.12-3.el7       @anaconda/7.6                    
libgudev1.x86_64              219-62.el7       @anaconda/7.6                    
libidn.x86_64                 1.28-4.el7       @anaconda/7.6                    
libmnl.x86_64                 1.0.3-7.el7      @anaconda/7.6                    
libmount.x86_64               2.23.2-59.el7    @anaconda/7.6                    
libndp.x86_64                 1.2-7.el7        @anaconda/7.6                    
libnetfilter_conntrack.x86_64 1.0.6-1.el7_3    @anaconda/7.6                    
libnfnetlink.x86_64           1.0.1-4.el7      @anaconda/7.6                    
libnl.x86_64                  1.1.4-3.el7      @anaconda/7.6                    
libnl3.x86_64                 3.2.28-4.el7     @anaconda/7.6                    
libnl3-cli.x86_64             3.2.28-4.el7     @anaconda/7.6                    
libpipeline.x86_64            1.2.3-3.el7      @anaconda/7.6                    
libpng.x86_64                 2:1.5.13-7.el7_2 @anaconda/7.6                    
libpwquality.x86_64           1.2.3-5.el7      @anaconda/7.6                    
libseccomp.x86_64             2.3.1-3.el7      @anaconda/7.6                    
libselinux.x86_64             2.5-14.1.el7     @anaconda/7.6                    
libselinux-python.x86_64      2.5-14.1.el7     @anaconda/7.6                    
libselinux-utils.x86_64       2.5-14.1.el7     @anaconda/7.6                    
libsemanage.x86_64            2.5-14.el7       @anaconda/7.6                    
libsemanage-python.x86_64     2.5-14.el7       @anaconda/7.6                    
libsepol.x86_64               2.5-10.el7       @anaconda/7.6                    
libsmartcols.x86_64           2.23.2-59.el7    @anaconda/7.6                    
libss.x86_64                  1.42.9-13.el7    @anaconda/7.6                    
libssh2.x86_64                1.4.3-12.el7     @anaconda/7.6                    
libstdc++.x86_64              4.8.5-36.el7     @anaconda/7.6                    
libsysfs.x86_64               2.1.0-16.el7     @anaconda/7.6                    
libtasn1.x86_64               4.10-1.el7       @anaconda/7.6                    
libteam.x86_64                1.27-5.el7       @anaconda/7.6                    
libtomcrypt.x86_64            1.17-25.el7      @epel                            
libtommath.x86_64             0.42.0-5.el7     @epel                            
libunistring.x86_64           0.9.3-9.el7      @anaconda/7.6                    
libuser.x86_64                0.60-9.el7       @anaconda/7.6                    
libutempter.x86_64            1.1.6-4.el7      @anaconda/7.6                    
libuuid.x86_64                2.23.2-59.el7    @anaconda/7.6                    
libverto.x86_64               0.2.5-4.el7      @anaconda/7.6                    
libxml2.x86_64                2.9.1-6.el7_2.3  @anaconda/7.6                    
libxml2-python.x86_64         2.9.1-6.el7_2.3  @anaconda/7.6                    
libxslt.x86_64                1.1.28-5.el7     @anaconda/7.6                    
libyaml.x86_64                0.1.4-11.el7_0   @anaconda/7.6                    
linux-firmware.noarch         20180911-69.git85c5d90.el7
                                               @rhui-REGION-rhel-server-releases
logrotate.x86_64              3.8.6-17.el7     @anaconda/7.6                    
lshw.x86_64                   B.02.18-12.el7   @anaconda/7.6                    
lua.x86_64                    5.1.4-15.el7     @anaconda/7.6                    
lz4.x86_64                    1.7.5-2.el7      @anaconda/7.6                    
lzo.x86_64                    2.06-8.el7       @anaconda/7.6                    
m2crypto.x86_64               0.21.1-17.el7    @anaconda/7.6                    
mailcap.noarch                2.1.41-2.el7     @rhui-REGION-rhel-server-releases
make.x86_64                   1:3.82-23.el7    @anaconda/7.6                    
man-db.x86_64                 2.6.3-11.el7     @anaconda/7.6                    
mariadb-libs.x86_64           1:5.5.60-1.el7_5 @anaconda/7.6                    
microcode_ctl.x86_64          2:2.1-47.el7     @anaconda/7.6                    
mozjs17.x86_64                17.0.0-20.el7    @anaconda/7.6                    
ncurses.x86_64                5.9-14.20130511.el7_4
                                               @anaconda/7.6                    
ncurses-base.noarch           5.9-14.20130511.el7_4
                                               @anaconda/7.6                    
ncurses-libs.x86_64           5.9-14.20130511.el7_4
                                               @anaconda/7.6                    
net-tools.x86_64              2.0-0.24.20131004git.el7
                                               @anaconda/7.6                    
newt.x86_64                   0.52.15-4.el7    @anaconda/7.6                    
newt-python.x86_64            0.52.15-4.el7    @anaconda/7.6                    
nspr.x86_64                   4.19.0-1.el7_5   @anaconda/7.6                    
nss.x86_64                    3.36.0-7.el7_5   @anaconda/7.6                    
nss-pem.x86_64                1.0.3-5.el7      @anaconda/7.6                    
nss-softokn.x86_64            3.36.0-5.el7_5   @anaconda/7.6                    
nss-softokn-freebl.x86_64     3.36.0-5.el7_5   @anaconda/7.6                    
nss-sysinit.x86_64            3.36.0-7.el7_5   @anaconda/7.6                    
nss-tools.x86_64              3.36.0-7.el7_5   @anaconda/7.6                    
nss-util.x86_64               3.36.0-1.el7_5   @anaconda/7.6                    
numactl-libs.x86_64           2.0.9-7.el7      @anaconda/7.6                    
openldap.x86_64               2.4.44-20.el7    @anaconda/7.6                    
openssh.x86_64                7.4p1-16.el7     @anaconda/7.6                    
openssh-clients.x86_64        7.4p1-16.el7     @anaconda/7.6                    
openssh-server.x86_64         7.4p1-16.el7     @anaconda/7.6                    
openssl.x86_64                1:1.0.2k-16.el7  @anaconda/7.6                    
openssl-libs.x86_64           1:1.0.2k-16.el7  @anaconda/7.6                    
os-prober.x86_64              1.58-9.el7       @anaconda/7.6                    
p11-kit.x86_64                0.23.5-3.el7     @anaconda/7.6                    
p11-kit-trust.x86_64          0.23.5-3.el7     @anaconda/7.6                    
pam.x86_64                    1.1.8-22.el7     @anaconda/7.6                    
parted.x86_64                 3.1-29.el7       @anaconda/7.6                    
passwd.x86_64                 0.79-4.el7       @anaconda/7.6                    
pciutils-libs.x86_64          3.5.1-3.el7      @anaconda/7.6                    
pcre.x86_64                   8.32-17.el7      @anaconda/7.6                    
perl.x86_64                   4:5.16.3-293.el7 @rhui-REGION-rhel-server-releases
perl-Carp.noarch              1.26-244.el7     @rhui-REGION-rhel-server-releases
perl-Encode.x86_64            2.51-7.el7       @rhui-REGION-rhel-server-releases
perl-Error.noarch             1:0.17020-2.el7  @rhui-REGION-rhel-server-releases
perl-Exporter.noarch          5.68-3.el7       @rhui-REGION-rhel-server-releases
perl-File-Path.noarch         2.09-2.el7       @rhui-REGION-rhel-server-releases
perl-File-Temp.noarch         0.23.01-3.el7    @rhui-REGION-rhel-server-releases
perl-Filter.x86_64            1.49-3.el7       @rhui-REGION-rhel-server-releases
perl-Getopt-Long.noarch       2.40-3.el7       @rhui-REGION-rhel-server-releases
perl-Git.noarch               1.8.3.1-20.el7   @rhui-REGION-rhel-server-releases
perl-HTTP-Tiny.noarch         0.033-3.el7      @rhui-REGION-rhel-server-releases
perl-PathTools.x86_64         3.40-5.el7       @rhui-REGION-rhel-server-releases
perl-Pod-Escapes.noarch       1:1.04-293.el7   @rhui-REGION-rhel-server-releases
perl-Pod-Perldoc.noarch       3.20-4.el7       @rhui-REGION-rhel-server-releases
perl-Pod-Simple.noarch        1:3.28-4.el7     @rhui-REGION-rhel-server-releases
perl-Pod-Usage.noarch         1.63-3.el7       @rhui-REGION-rhel-server-releases
perl-Scalar-List-Utils.x86_64 1.27-248.el7     @rhui-REGION-rhel-server-releases
perl-Socket.x86_64            2.010-4.el7      @rhui-REGION-rhel-server-releases
perl-Storable.x86_64          2.45-3.el7       @rhui-REGION-rhel-server-releases
perl-TermReadKey.x86_64       2.30-20.el7      @rhui-REGION-rhel-server-releases
perl-Text-ParseWords.noarch   3.29-4.el7       @rhui-REGION-rhel-server-releases
perl-Time-HiRes.x86_64        4:1.9725-3.el7   @rhui-REGION-rhel-server-releases
perl-Time-Local.noarch        1.2300-2.el7     @rhui-REGION-rhel-server-releases
perl-constant.noarch          1.27-2.el7       @rhui-REGION-rhel-server-releases
perl-libs.x86_64              4:5.16.3-293.el7 @rhui-REGION-rhel-server-releases
perl-macros.x86_64            4:5.16.3-293.el7 @rhui-REGION-rhel-server-releases
perl-parent.noarch            1:0.225-244.el7  @rhui-REGION-rhel-server-releases
perl-podlators.noarch         2.5.1-3.el7      @rhui-REGION-rhel-server-releases
perl-threads.x86_64           1.87-4.el7       @rhui-REGION-rhel-server-releases
perl-threads-shared.x86_64    1.43-6.el7       @rhui-REGION-rhel-server-releases
pinentry.x86_64               0.8.1-17.el7     @anaconda/7.6                    
pkgconfig.x86_64              1:0.27.1-4.el7   @anaconda/7.6                    
policycoreutils.x86_64        2.5-29.el7       @anaconda/7.6                    
policycoreutils-python.x86_64 2.5-29.el7       @anaconda/7.6                    
polkit.x86_64                 0.112-18.el7     @anaconda/7.6                    
polkit-pkla-compat.x86_64     0.1-4.el7        @anaconda/7.6                    
popt.x86_64                   1.13-16.el7      @anaconda/7.6                    
postfix.x86_64                2:2.10.1-7.el7   @anaconda/7.6                    
procps-ng.x86_64              3.3.10-23.el7    @anaconda/7.6                    
pth.x86_64                    2.0.7-23.el7     @anaconda/7.6                    
pyOpenSSL.x86_64              0.13.1-4.el7     @anaconda/7.6                    
pygobject2.x86_64             2.28.6-11.el7    @anaconda/7.6                    
pygpgme.x86_64                0.3-9.el7        @anaconda/7.6                    
pyliblzma.x86_64              0.5.3-11.el7     @anaconda/7.6                    
pyserial.noarch               2.6-6.el7        @anaconda/7.6                    
python.x86_64                 2.7.5-76.el7     @anaconda/7.6                    
python-IPy.noarch             0.75-6.el7       @anaconda/7.6                    
python-babel.noarch           0.9.6-8.el7      @anaconda/7.6                    
python-backports.x86_64       1.0-8.el7        @anaconda/7.6                    
python-backports-ssl_match_hostname.noarch
                              3.5.0.1-1.el7    @anaconda/7.6                    
python-cffi.x86_64            1.6.0-5.el7      @rhui-REGION-rhel-server-releases
python-chardet.noarch         2.2.1-1.el7_1    @anaconda/7.6                    
python-configobj.noarch       4.7.2-7.el7      @anaconda/7.6                    
python-dateutil.noarch        1.5-7.el7        @anaconda/7.6                    
python-decorator.noarch       3.4.0-3.el7      @anaconda/7.6                    
python-dmidecode.x86_64       3.12.2-3.el7     @anaconda/7.6                    
python-enum34.noarch          1.0.4-1.el7      @rhui-REGION-rhel-server-releases
python-ethtool.x86_64         0.8-7.el7        @anaconda/7.6                    
python-gobject-base.x86_64    3.22.0-1.el7_4.1 @anaconda/7.6                    
python-gudev.x86_64           147.2-7.el7      @anaconda/7.6                    
python-httplib2.noarch        0.9.2-0.1.el7    @epel                            
python-hwdata.noarch          1.7.3-4.el7      @anaconda/7.6                    
python-idna.noarch            2.4-1.el7        @rhui-REGION-rhel-server-releases
python-iniparse.noarch        0.4-9.el7        @anaconda/7.6                    
python-inotify.noarch         0.9.4-4.el7      @anaconda/7.6                    
python-ipaddress.noarch       1.0.16-2.el7     @anaconda/7.6                    
python-jinja2.noarch          2.7.2-2.el7      @anaconda/7.6                    
python-jsonpatch.noarch       1.2-4.el7        @anaconda/7.6                    
python-jsonpointer.noarch     1.9-2.el7        @anaconda/7.6                    
python-keyczar.noarch         0.71c-2.el7      @epel                            
python-kitchen.noarch         1.1.1-5.el7      @anaconda/7.6                    
python-libs.x86_64            2.7.5-76.el7     @anaconda/7.6                    
python-linux-procfs.noarch    0.4.9-4.el7      @anaconda/7.6                    
python-lxml.x86_64            3.2.1-4.el7      @anaconda/7.6                    
python-magic.noarch           5.11-35.el7      @anaconda/7.6                    
python-markupsafe.x86_64      0.11-10.el7      @anaconda/7.6                    
python-paramiko.noarch        2.1.1-9.el7      @rhui-REGION-rhel-server-releases
python-perf.x86_64            3.10.0-957.1.3.el7
                                               @rhui-REGION-rhel-server-releases
python-ply.noarch             3.4-11.el7       @rhui-REGION-rhel-server-releases
python-prettytable.noarch     0.7.2-3.el7      @anaconda/7.6                    
python-pycparser.noarch       2.14-1.el7       @rhui-REGION-rhel-server-releases
python-pycurl.x86_64          7.19.0-19.el7    @anaconda/7.6                    
python-pyudev.noarch          0.15-9.el7       @anaconda/7.6                    
python-requests.noarch        2.6.0-1.el7_1    @anaconda/7.6                    
python-schedutils.x86_64      0.4-6.el7        @anaconda/7.6                    
python-setuptools.noarch      0.9.8-7.el7      @anaconda/7.6                    
python-six.noarch             1.9.0-2.el7      @anaconda/7.6                    
python-urlgrabber.noarch      3.10-9.el7       @anaconda/7.6                    
python-urllib3.noarch         1.10.2-5.el7     @anaconda/7.6                    
python2-crypto.x86_64         2.6.1-13.el7     @epel                            
python2-cryptography.x86_64   1.7.2-2.el7      @rhui-REGION-rhel-server-releases
python2-jmespath.noarch       0.9.0-1.el7      @epel                            
python2-pyasn1.noarch         0.1.9-7.el7      @rhui-REGION-rhel-server-releases
pyxattr.x86_64                0.5.1-5.el7      @anaconda/7.6                    
qemu-guest-agent.x86_64       10:2.12.0-2.el7  @anaconda/7.6                    
qrencode-libs.x86_64          3.4.1-3.el7      @anaconda/7.6                    
readline.x86_64               6.2-10.el7       @anaconda/7.6                    
redhat-logos.noarch           70.0.3-7.el7     @rhui-REGION-rhel-server-releases
redhat-release-server.x86_64  7.6-4.el7        @anaconda/7.6                    
redhat-support-lib-python.noarch
                              0.9.7-6.el7      @anaconda/7.6                    
redhat-support-tool.noarch    0.9.10-1.el7     @anaconda/7.6                    
rh-amazon-rhui-client.noarch  2.2.141-1.el7    @koji-override-1/7.6             
rhn-check.x86_64              2.0.2-24.el7     @anaconda/7.6                    
rhn-client-tools.x86_64       2.0.2-24.el7     @anaconda/7.6                    
rhn-setup.x86_64              2.0.2-24.el7     @anaconda/7.6                    
rhnlib.noarch                 2.5.65-8.el7     @anaconda/7.6                    
rhnsd.x86_64                  5.0.13-10.el7    @anaconda/7.6                    
rootfiles.noarch              8.1-11.el7       @anaconda/7.6                    
rpm.x86_64                    4.11.3-35.el7    @anaconda/7.6                    
rpm-build-libs.x86_64         4.11.3-35.el7    @anaconda/7.6                    
rpm-libs.x86_64               4.11.3-35.el7    @anaconda/7.6                    
rpm-python.x86_64             4.11.3-35.el7    @anaconda/7.6                    
rsync.x86_64                  3.1.2-4.el7      @anaconda/7.6                    
rsyslog.x86_64                8.24.0-34.el7    @anaconda/7.6                    
sed.x86_64                    4.2.2-5.el7      @anaconda/7.6                    
selinux-policy.noarch         3.13.1-229.el7_6.6
                                               @rhui-REGION-rhel-server-releases
selinux-policy-targeted.noarch
                              3.13.1-229.el7_6.6
                                               @rhui-REGION-rhel-server-releases
setools-libs.x86_64           3.3.8-4.el7      @anaconda/7.6                    
setup.noarch                  2.8.71-10.el7    @anaconda/7.6                    
sg3_utils.x86_64              1.37-17.el7      @anaconda/7.6                    
sg3_utils-libs.x86_64         1.37-17.el7      @anaconda/7.6                    
shadow-utils.x86_64           2:4.1.5.1-25.el7 @anaconda/7.6                    
shared-mime-info.x86_64       1.8-4.el7        @anaconda/7.6                    
slang.x86_64                  2.2.4-11.el7     @anaconda/7.6                    
snappy.x86_64                 1.1.0-3.el7      @anaconda/7.6                    
sqlite.x86_64                 3.7.17-8.el7     @anaconda/7.6                    
sshpass.x86_64                1.06-1.el7       @epel                            
subscription-manager.x86_64   1.21.10-3.el7_6  @rhui-REGION-rhel-server-releases
subscription-manager-rhsm.x86_64
                              1.21.10-3.el7_6  @rhui-REGION-rhel-server-releases
subscription-manager-rhsm-certificates.x86_64
                              1.21.10-3.el7_6  @rhui-REGION-rhel-server-releases
sudo.x86_64                   1.8.23-3.el7     @anaconda/7.6                    
systemd.x86_64                219-62.el7       @anaconda/7.6                    
systemd-libs.x86_64           219-62.el7       @anaconda/7.6                    
systemd-sysv.x86_64           219-62.el7       @anaconda/7.6                    
sysvinit-tools.x86_64         2.88-14.dsf.el7  @anaconda/7.6                    
tar.x86_64                    2:1.26-35.el7    @anaconda/7.6                    
tcp_wrappers-libs.x86_64      7.6-77.el7       @anaconda/7.6                    
teamd.x86_64                  1.27-5.el7       @anaconda/7.6                    
telnet.x86_64                 1:0.17-64.el7    @rhui-REGION-rhel-server-releases
tuned.noarch                  2.10.0-6.el7     @anaconda/7.6                    
tzdata.noarch                 2018g-1.el7      @rhui-REGION-rhel-server-releases
usermode.x86_64               1.111-5.el7      @anaconda/7.6                    
ustr.x86_64                   1.0.4-16.el7     @anaconda/7.6                    
util-linux.x86_64             2.23.2-59.el7    @anaconda/7.6                    
vim-common.x86_64             2:7.4.160-5.el7  @rhui-REGION-rhel-server-releases
vim-enhanced.x86_64           2:7.4.160-5.el7  @rhui-REGION-rhel-server-releases
vim-filesystem.x86_64         2:7.4.160-5.el7  @rhui-REGION-rhel-server-releases
vim-minimal.x86_64            2:7.4.160-5.el7  @anaconda/7.6                    
virt-what.x86_64              1.18-4.el7       @anaconda/7.6                    
wget.x86_64                   1.14-18.el7      @rhui-REGION-rhel-server-releases
which.x86_64                  2.20-7.el7       @anaconda/7.6                    
wpa_supplicant.x86_64         1:2.6-12.el7     @anaconda/7.6                    
xdg-utils.noarch              1.1.0-0.17.20120809git.el7
                                               @anaconda/7.6                    
xfsprogs.x86_64               4.5.0-18.el7     @anaconda/7.6                    
xz.x86_64                     5.2.2-1.el7      @anaconda/7.6                    
xz-libs.x86_64                5.2.2-1.el7      @anaconda/7.6                    
yum.noarch                    3.4.3-161.el7    @anaconda/7.6                    
yum-metadata-parser.x86_64    1.1.4-10.el7     @anaconda/7.6                    
yum-rhn-plugin.noarch         2.0.1-10.el7     @anaconda/7.6                    
yum-utils.noarch              1.1.31-50.el7    @anaconda/7.6                    
zlib.x86_64                   1.2.7-18.el7     @anaconda/7.6                    
